2020-10-30 10:29:27,291 INFO [main] com.dcits.StartApp.StartupInfoLogger#logStarting[StartupInfoLogger.java:48] Starting StartApp on nanmiaoa with PID 23340 (D:\POC_CODE\project_comet\sm_rtDesign\target\classes started by nanmiaoa in D:\POC_CODE\project_comet\sm_rtDesign)
2020-10-30 10:29:27,301 INFO [main] com.dcits.StartApp.SpringApplication#logStartupProfileInfo[SpringApplication.java:641] The following profiles are active: default
2020-10-30 10:29:27,412 INFO [main] org.springframework.boot.context.embedded.AnnotationConfigEmbeddedWebApplicationContext.AbstractApplicationContext#prepareRefresh[AbstractApplicationContext.java:582] Refreshing org.springframework.boot.context.embedded.AnnotationConfigEmbeddedWebApplicationContext@7a1a3478: startup date [Fri Oct 30 10:29:27 CST 2020]; root of context hierarchy
2020-10-30 10:29:29,078 INFO [main] org.springframework.context.support.PostProcessorRegistrationDelegate$BeanPostProcessorChecker.PostProcessorRegistrationDelegate$BeanPostProcessorChecker#postProcessAfterInitialization[PostProcessorRegistrationDelegate.java:325] Bean 'org.springframework.boot.autoconfigure.validation.ValidationAutoConfiguration' of type [class org.springframework.boot.autoconfigure.validation.ValidationAutoConfiguration] is not eligible for getting processed by all BeanPostProcessors (for example: not eligible for auto-proxying)
2020-10-30 10:29:29,238 INFO [main] org.springframework.context.support.PostProcessorRegistrationDelegate$BeanPostProcessorChecker.PostProcessorRegistrationDelegate$BeanPostProcessorChecker#postProcessAfterInitialization[PostProcessorRegistrationDelegate.java:325] Bean 'validator' of type [class org.springframework.validation.beanvalidation.LocalValidatorFactoryBean] is not eligible for getting processed by all BeanPostProcessors (for example: not eligible for auto-proxying)
2020-10-30 10:29:29,310 INFO [main] org.springframework.context.support.PostProcessorRegistrationDelegate$BeanPostProcessorChecker.PostProcessorRegistrationDelegate$BeanPostProcessorChecker#postProcessAfterInitialization[PostProcessorRegistrationDelegate.java:325] Bean 'org.springframework.transaction.annotation.ProxyTransactionManagementConfiguration' of type [class org.springframework.transaction.annotation.ProxyTransactionManagementConfiguration$$EnhancerBySpringCGLIB$$440d1ef0] is not eligible for getting processed by all BeanPostProcessors (for example: not eligible for auto-proxying)
2020-10-30 10:29:29,746 INFO [main] org.springframework.boot.context.embedded.tomcat.TomcatEmbeddedServletContainer.TomcatEmbeddedServletContainer#initialize[TomcatEmbeddedServletContainer.java:89] Tomcat initialized with port(s): 9999 (http)
2020-10-30 10:29:29,766 INFO [main] org.apache.catalina.core.StandardService.DirectJDKLog#log[DirectJDKLog.java:179] Starting service Tomcat
2020-10-30 10:29:29,767 INFO [main] org.apache.catalina.core.StandardEngine.DirectJDKLog#log[DirectJDKLog.java:179] Starting Servlet Engine: Apache Tomcat/8.5.11
2020-10-30 10:29:29,879 INFO [localhost-startStop-1] org.apache.catalina.core.ContainerBase.[Tomcat].[localhost].[/].DirectJDKLog#log[DirectJDKLog.java:179] Initializing Spring embedded WebApplicationContext
2020-10-30 10:29:29,880 INFO [localhost-startStop-1] org.springframework.web.context.ContextLoader.EmbeddedWebApplicationContext#prepareEmbeddedWebApplicationContext[EmbeddedWebApplicationContext.java:276] Root WebApplicationContext: initialization completed in 2471 ms
2020-10-30 10:29:30,135 INFO [localhost-startStop-1] org.springframework.boot.web.servlet.ServletRegistrationBean.ServletRegistrationBean#onStartup[ServletRegistrationBean.java:190] Mapping servlet: 'dispatcherServlet' to [/]
2020-10-30 10:29:30,144 INFO [localhost-startStop-1] org.springframework.boot.web.servlet.FilterRegistrationBean.AbstractFilterRegistrationBean#configure[AbstractFilterRegistrationBean.java:258] Mapping filter: 'characterEncodingFilter' to: [/*]
2020-10-30 10:29:30,145 INFO [localhost-startStop-1] org.springframework.boot.web.servlet.FilterRegistrationBean.AbstractFilterRegistrationBean#configure[AbstractFilterRegistrationBean.java:258] Mapping filter: 'hiddenHttpMethodFilter' to: [/*]
2020-10-30 10:29:30,146 INFO [localhost-startStop-1] org.springframework.boot.web.servlet.FilterRegistrationBean.AbstractFilterRegistrationBean#configure[AbstractFilterRegistrationBean.java:258] Mapping filter: 'httpPutFormContentFilter' to: [/*]
2020-10-30 10:29:30,146 INFO [localhost-startStop-1] org.springframework.boot.web.servlet.FilterRegistrationBean.AbstractFilterRegistrationBean#configure[AbstractFilterRegistrationBean.java:258] Mapping filter: 'requestContextFilter' to: [/*]
2020-10-30 10:29:30,399 INFO [main] com.alibaba.druid.spring.boot.autoconfigure.DruidDataSourceAutoConfigure.DruidDataSourceAutoConfigure#dataSource[DruidDataSourceAutoConfigure.java:56] Init DruidDataSource
2020-10-30 10:29:31,103 INFO [main] com.alibaba.druid.pool.DruidDataSource.DruidDataSource#init[DruidDataSource.java:1003] {dataSource-1} inited
2020-10-30 10:29:31,867 INFO [main] org.springframework.web.servlet.mvc.method.annotation.RequestMappingHandlerAdapter.RequestMappingHandlerAdapter#initControllerAdviceCache[RequestMappingHandlerAdapter.java:534] Looking for @ControllerAdvice: org.springframework.boot.context.embedded.AnnotationConfigEmbeddedWebApplicationContext@7a1a3478: startup date [Fri Oct 30 10:29:27 CST 2020]; root of context hierarchy
2020-10-30 10:29:31,988 INFO [main] org.springframework.web.servlet.mvc.method.annotation.RequestMappingHandlerMapping.AbstractHandlerMethodMapping$MappingRegistry#register[AbstractHandlerMethodMapping.java:543] Mapped "{[/officeSource/upload]}" onto public com.dcits.entity.RequestResult com.dcits.controller.OfficeSourceController.uploadFile(java.lang.String)
2020-10-30 10:29:31,989 INFO [main] org.springframework.web.servlet.mvc.method.annotation.RequestMappingHandlerMapping.AbstractHandlerMethodMapping$MappingRegistry#register[AbstractHandlerMethodMapping.java:543] Mapped "{[/officeSource/findShareToolDataByPage],methods=[POST],produces=[application/json]}" onto public com.dcits.entity.PaginatedResult com.dcits.controller.OfficeSourceController.findShareToolDataByPage(java.lang.String)
2020-10-30 10:29:31,990 INFO [main] org.springframework.web.servlet.mvc.method.annotation.RequestMappingHandlerMapping.AbstractHandlerMethodMapping$MappingRegistry#register[AbstractHandlerMethodMapping.java:543] Mapped "{[/officeSource/findPPTemplateDataByPage],methods=[POST],produces=[application/json]}" onto public com.dcits.entity.PaginatedResult com.dcits.controller.OfficeSourceController.findPPTemplateDataByPage(java.lang.String)
2020-10-30 10:29:31,991 INFO [main] org.springframework.web.servlet.mvc.method.annotation.RequestMappingHandlerMapping.AbstractHandlerMethodMapping$MappingRegistry#register[AbstractHandlerMethodMapping.java:543] Mapped "{[/officeSource/findWordTemplateDataByPage],methods=[POST],produces=[application/json]}" onto public com.dcits.entity.PaginatedResult com.dcits.controller.OfficeSourceController.findWordTemplateDataByPage(java.lang.String)
2020-10-30 10:29:31,993 INFO [main] org.springframework.web.servlet.mvc.method.annotation.RequestMappingHandlerMapping.AbstractHandlerMethodMapping$MappingRegistry#register[AbstractHandlerMethodMapping.java:543] Mapped "{[/officeSource/deleteShareToolById],methods=[POST],produces=[application/json]}" onto public com.dcits.entity.PaginatedResult com.dcits.controller.OfficeSourceController.deleteShareToolById(java.lang.String)
2020-10-30 10:29:31,993 INFO [main] org.springframework.web.servlet.mvc.method.annotation.RequestMappingHandlerMapping.AbstractHandlerMethodMapping$MappingRegistry#register[AbstractHandlerMethodMapping.java:543] Mapped "{[/officeSource/deletePPTemplateById],methods=[POST],produces=[application/json]}" onto public com.dcits.entity.PaginatedResult com.dcits.controller.OfficeSourceController.deletePPTemplateById(java.lang.String)
2020-10-30 10:29:31,994 INFO [main] org.springframework.web.servlet.mvc.method.annotation.RequestMappingHandlerMapping.AbstractHandlerMethodMapping$MappingRegistry#register[AbstractHandlerMethodMapping.java:543] Mapped "{[/officeSource/deleteWordTemplateById],methods=[POST],produces=[application/json]}" onto public com.dcits.entity.PaginatedResult com.dcits.controller.OfficeSourceController.deleteWordTemplateById(java.lang.String)
2020-10-30 10:29:31,999 INFO [main] org.springframework.web.servlet.mvc.method.annotation.RequestMappingHandlerMapping.AbstractHandlerMethodMapping$MappingRegistry#register[AbstractHandlerMethodMapping.java:543] Mapped "{[/error]}" onto public org.springframework.http.ResponseEntity<java.util.Map<java.lang.String, java.lang.Object>> org.springframework.boot.autoconfigure.web.BasicErrorController.error(javax.servlet.http.HttpServletRequest)
2020-10-30 10:29:32,000 INFO [main] org.springframework.web.servlet.mvc.method.annotation.RequestMappingHandlerMapping.AbstractHandlerMethodMapping$MappingRegistry#register[AbstractHandlerMethodMapping.java:543] Mapped "{[/error],produces=[text/html]}" onto public org.springframework.web.servlet.ModelAndView org.springframework.boot.autoconfigure.web.BasicErrorController.errorHtml(javax.servlet.http.HttpServletRequest,javax.servlet.http.HttpServletResponse)
2020-10-30 10:29:32,049 INFO [main] org.springframework.web.servlet.handler.SimpleUrlHandlerMapping.AbstractUrlHandlerMapping#registerHandler[AbstractUrlHandlerMapping.java:354] Mapped URL path [/webjars/**] onto handler of type [class org.springframework.web.servlet.resource.ResourceHttpRequestHandler]
2020-10-30 10:29:32,050 INFO [main] org.springframework.web.servlet.handler.SimpleUrlHandlerMapping.AbstractUrlHandlerMapping#registerHandler[AbstractUrlHandlerMapping.java:354] Mapped URL path [/**] onto handler of type [class org.springframework.web.servlet.resource.ResourceHttpRequestHandler]
2020-10-30 10:29:32,175 INFO [main] org.springframework.web.servlet.handler.SimpleUrlHandlerMapping.AbstractUrlHandlerMapping#registerHandler[AbstractUrlHandlerMapping.java:354] Mapped URL path [/**/favicon.ico] onto handler of type [class org.springframework.web.servlet.resource.ResourceHttpRequestHandler]
2020-10-30 10:29:33,499 INFO [main] org.springframework.jmx.export.annotation.AnnotationMBeanExporter.MBeanExporter#afterSingletonsInstantiated[MBeanExporter.java:431] Registering beans for JMX exposure on startup
2020-10-30 10:29:33,502 INFO [main] org.springframework.jmx.export.annotation.AnnotationMBeanExporter.MBeanExporter#autodetect[MBeanExporter.java:916] Bean with name 'dataSource' has been autodetected for JMX exposure
2020-10-30 10:29:33,510 INFO [main] org.springframework.jmx.export.annotation.AnnotationMBeanExporter.MBeanExporter#registerBeanInstance[MBeanExporter.java:671] Located MBean 'dataSource': registering with JMX server as MBean [com.alibaba.druid.spring.boot.autoconfigure:name=dataSource,type=DruidDataSourceWrapper]
2020-10-30 10:29:33,594 INFO [main] org.springframework.boot.context.embedded.tomcat.TomcatEmbeddedServletContainer.TomcatEmbeddedServletContainer#start[TomcatEmbeddedServletContainer.java:192] Tomcat started on port(s): 9999 (http)
2020-10-30 10:29:33,600 INFO [main] com.dcits.StartApp.StartupInfoLogger#logStarted[StartupInfoLogger.java:57] Started StartApp in 7.137 seconds (JVM running for 11.291)
2020-10-30 10:31:01,491 INFO [Thread-17] org.springframework.boot.context.embedded.AnnotationConfigEmbeddedWebApplicationContext.AbstractApplicationContext#doClose[AbstractApplicationContext.java:987] Closing org.springframework.boot.context.embedded.AnnotationConfigEmbeddedWebApplicationContext@7a1a3478: startup date [Fri Oct 30 10:29:27 CST 2020]; root of context hierarchy
2020-10-30 10:31:01,507 INFO [Thread-17] org.springframework.jmx.export.annotation.AnnotationMBeanExporter.MBeanExporter#destroy[MBeanExporter.java:449] Unregistering JMX-exposed beans on shutdown
2020-10-30 10:31:01,508 INFO [Thread-17] org.springframework.jmx.export.annotation.AnnotationMBeanExporter.MBeanRegistrationSupport#unregisterBeans[MBeanRegistrationSupport.java:241] Unregistering JMX-exposed beans
2020-10-30 10:31:01,515 INFO [Thread-17] com.alibaba.druid.pool.DruidDataSource.DruidDataSource#close[DruidDataSource.java:1965] {dataSource-1} closing ...
2020-10-30 10:31:01,525 INFO [Thread-17] com.alibaba.druid.pool.DruidDataSource.DruidDataSource#close[DruidDataSource.java:2037] {dataSource-1} closed
2020-10-30 10:37:57,363 INFO [main] com.dcits.StartApp.StartupInfoLogger#logStarting[StartupInfoLogger.java:48] Starting StartApp on nanmiaoa with PID 2844 (D:\POC_CODE\project_comet\sm_rtDesign\target\classes started by nanmiaoa in D:\POC_CODE\project_comet\sm_rtDesign)
2020-10-30 10:37:57,393 INFO [main] com.dcits.StartApp.SpringApplication#logStartupProfileInfo[SpringApplication.java:641] The following profiles are active: default
2020-10-30 10:37:57,514 INFO [main] org.springframework.boot.context.embedded.AnnotationConfigEmbeddedWebApplicationContext.AbstractApplicationContext#prepareRefresh[AbstractApplicationContext.java:582] Refreshing org.springframework.boot.context.embedded.AnnotationConfigEmbeddedWebApplicationContext@2eee3069: startup date [Fri Oct 30 10:37:57 CST 2020]; root of context hierarchy
2020-10-30 10:37:59,229 INFO [main] org.springframework.context.support.PostProcessorRegistrationDelegate$BeanPostProcessorChecker.PostProcessorRegistrationDelegate$BeanPostProcessorChecker#postProcessAfterInitialization[PostProcessorRegistrationDelegate.java:325] Bean 'org.springframework.boot.autoconfigure.validation.ValidationAutoConfiguration' of type [class org.springframework.boot.autoconfigure.validation.ValidationAutoConfiguration] is not eligible for getting processed by all BeanPostProcessors (for example: not eligible for auto-proxying)
2020-10-30 10:37:59,336 INFO [main] org.springframework.context.support.PostProcessorRegistrationDelegate$BeanPostProcessorChecker.PostProcessorRegistrationDelegate$BeanPostProcessorChecker#postProcessAfterInitialization[PostProcessorRegistrationDelegate.java:325] Bean 'validator' of type [class org.springframework.validation.beanvalidation.LocalValidatorFactoryBean] is not eligible for getting processed by all BeanPostProcessors (for example: not eligible for auto-proxying)
2020-10-30 10:37:59,425 INFO [main] org.springframework.context.support.PostProcessorRegistrationDelegate$BeanPostProcessorChecker.PostProcessorRegistrationDelegate$BeanPostProcessorChecker#postProcessAfterInitialization[PostProcessorRegistrationDelegate.java:325] Bean 'org.springframework.transaction.annotation.ProxyTransactionManagementConfiguration' of type [class org.springframework.transaction.annotation.ProxyTransactionManagementConfiguration$$EnhancerBySpringCGLIB$$be394c68] is not eligible for getting processed by all BeanPostProcessors (for example: not eligible for auto-proxying)
2020-10-30 10:38:00,254 INFO [main] org.springframework.boot.context.embedded.tomcat.TomcatEmbeddedServletContainer.TomcatEmbeddedServletContainer#initialize[TomcatEmbeddedServletContainer.java:89] Tomcat initialized with port(s): 9999 (http)
2020-10-30 10:38:00,281 INFO [main] org.apache.catalina.core.StandardService.DirectJDKLog#log[DirectJDKLog.java:179] Starting service Tomcat
2020-10-30 10:38:00,283 INFO [main] org.apache.catalina.core.StandardEngine.DirectJDKLog#log[DirectJDKLog.java:179] Starting Servlet Engine: Apache Tomcat/8.5.11
2020-10-30 10:38:00,513 INFO [localhost-startStop-1] org.apache.catalina.core.ContainerBase.[Tomcat].[localhost].[/].DirectJDKLog#log[DirectJDKLog.java:179] Initializing Spring embedded WebApplicationContext
2020-10-30 10:38:00,514 INFO [localhost-startStop-1] org.springframework.web.context.ContextLoader.EmbeddedWebApplicationContext#prepareEmbeddedWebApplicationContext[EmbeddedWebApplicationContext.java:276] Root WebApplicationContext: initialization completed in 3001 ms
2020-10-30 10:38:00,897 INFO [localhost-startStop-1] org.springframework.boot.web.servlet.ServletRegistrationBean.ServletRegistrationBean#onStartup[ServletRegistrationBean.java:190] Mapping servlet: 'dispatcherServlet' to [/]
2020-10-30 10:38:00,906 INFO [localhost-startStop-1] org.springframework.boot.web.servlet.FilterRegistrationBean.AbstractFilterRegistrationBean#configure[AbstractFilterRegistrationBean.java:258] Mapping filter: 'characterEncodingFilter' to: [/*]
2020-10-30 10:38:00,908 INFO [localhost-startStop-1] org.springframework.boot.web.servlet.FilterRegistrationBean.AbstractFilterRegistrationBean#configure[AbstractFilterRegistrationBean.java:258] Mapping filter: 'hiddenHttpMethodFilter' to: [/*]
2020-10-30 10:38:00,910 INFO [localhost-startStop-1] org.springframework.boot.web.servlet.FilterRegistrationBean.AbstractFilterRegistrationBean#configure[AbstractFilterRegistrationBean.java:258] Mapping filter: 'httpPutFormContentFilter' to: [/*]
2020-10-30 10:38:00,912 INFO [localhost-startStop-1] org.springframework.boot.web.servlet.FilterRegistrationBean.AbstractFilterRegistrationBean#configure[AbstractFilterRegistrationBean.java:258] Mapping filter: 'requestContextFilter' to: [/*]
2020-10-30 10:38:01,120 INFO [main] com.alibaba.druid.spring.boot.autoconfigure.DruidDataSourceAutoConfigure.DruidDataSourceAutoConfigure#dataSource[DruidDataSourceAutoConfigure.java:56] Init DruidDataSource
2020-10-30 10:38:02,004 INFO [main] com.alibaba.druid.pool.DruidDataSource.DruidDataSource#init[DruidDataSource.java:1003] {dataSource-1} inited
2020-10-30 10:38:02,783 INFO [main] org.springframework.web.servlet.mvc.method.annotation.RequestMappingHandlerAdapter.RequestMappingHandlerAdapter#initControllerAdviceCache[RequestMappingHandlerAdapter.java:534] Looking for @ControllerAdvice: org.springframework.boot.context.embedded.AnnotationConfigEmbeddedWebApplicationContext@2eee3069: startup date [Fri Oct 30 10:37:57 CST 2020]; root of context hierarchy
2020-10-30 10:38:02,906 INFO [main] org.springframework.web.servlet.mvc.method.annotation.RequestMappingHandlerMapping.AbstractHandlerMethodMapping$MappingRegistry#register[AbstractHandlerMethodMapping.java:543] Mapped "{[/officeSource/deleteWordTemplateById],methods=[POST],produces=[application/json]}" onto public com.dcits.entity.PaginatedResult com.dcits.controller.OfficeSourceController.deleteWordTemplateById(java.lang.String)
2020-10-30 10:38:02,909 INFO [main] org.springframework.web.servlet.mvc.method.annotation.RequestMappingHandlerMapping.AbstractHandlerMethodMapping$MappingRegistry#register[AbstractHandlerMethodMapping.java:543] Mapped "{[/officeSource/findShareToolDataByPage],methods=[POST],produces=[application/json]}" onto public com.dcits.entity.PaginatedResult com.dcits.controller.OfficeSourceController.findShareToolDataByPage(java.lang.String)
2020-10-30 10:38:02,910 INFO [main] org.springframework.web.servlet.mvc.method.annotation.RequestMappingHandlerMapping.AbstractHandlerMethodMapping$MappingRegistry#register[AbstractHandlerMethodMapping.java:543] Mapped "{[/officeSource/deleteShareToolById],methods=[POST],produces=[application/json]}" onto public com.dcits.entity.PaginatedResult com.dcits.controller.OfficeSourceController.deleteShareToolById(java.lang.String)
2020-10-30 10:38:02,912 INFO [main] org.springframework.web.servlet.mvc.method.annotation.RequestMappingHandlerMapping.AbstractHandlerMethodMapping$MappingRegistry#register[AbstractHandlerMethodMapping.java:543] Mapped "{[/officeSource/deletePPTemplateById],methods=[POST],produces=[application/json]}" onto public com.dcits.entity.PaginatedResult com.dcits.controller.OfficeSourceController.deletePPTemplateById(java.lang.String)
2020-10-30 10:38:02,913 INFO [main] org.springframework.web.servlet.mvc.method.annotation.RequestMappingHandlerMapping.AbstractHandlerMethodMapping$MappingRegistry#register[AbstractHandlerMethodMapping.java:543] Mapped "{[/officeSource/findPPTemplateDataByPage],methods=[POST],produces=[application/json]}" onto public com.dcits.entity.PaginatedResult com.dcits.controller.OfficeSourceController.findPPTemplateDataByPage(java.lang.String)
2020-10-30 10:38:02,913 INFO [main] org.springframework.web.servlet.mvc.method.annotation.RequestMappingHandlerMapping.AbstractHandlerMethodMapping$MappingRegistry#register[AbstractHandlerMethodMapping.java:543] Mapped "{[/officeSource/findWordTemplateDataByPage],methods=[POST],produces=[application/json]}" onto public com.dcits.entity.PaginatedResult com.dcits.controller.OfficeSourceController.findWordTemplateDataByPage(java.lang.String)
2020-10-30 10:38:02,914 INFO [main] org.springframework.web.servlet.mvc.method.annotation.RequestMappingHandlerMapping.AbstractHandlerMethodMapping$MappingRegistry#register[AbstractHandlerMethodMapping.java:543] Mapped "{[/officeSource/upload]}" onto public com.dcits.entity.RequestResult com.dcits.controller.OfficeSourceController.uploadFile(java.lang.String)
2020-10-30 10:38:02,922 INFO [main] org.springframework.web.servlet.mvc.method.annotation.RequestMappingHandlerMapping.AbstractHandlerMethodMapping$MappingRegistry#register[AbstractHandlerMethodMapping.java:543] Mapped "{[/error]}" onto public org.springframework.http.ResponseEntity<java.util.Map<java.lang.String, java.lang.Object>> org.springframework.boot.autoconfigure.web.BasicErrorController.error(javax.servlet.http.HttpServletRequest)
2020-10-30 10:38:02,922 INFO [main] org.springframework.web.servlet.mvc.method.annotation.RequestMappingHandlerMapping.AbstractHandlerMethodMapping$MappingRegistry#register[AbstractHandlerMethodMapping.java:543] Mapped "{[/error],produces=[text/html]}" onto public org.springframework.web.servlet.ModelAndView org.springframework.boot.autoconfigure.web.BasicErrorController.errorHtml(javax.servlet.http.HttpServletRequest,javax.servlet.http.HttpServletResponse)
2020-10-30 10:38:03,006 INFO [main] org.springframework.web.servlet.handler.SimpleUrlHandlerMapping.AbstractUrlHandlerMapping#registerHandler[AbstractUrlHandlerMapping.java:354] Mapped URL path [/webjars/**] onto handler of type [class org.springframework.web.servlet.resource.ResourceHttpRequestHandler]
2020-10-30 10:38:03,007 INFO [main] org.springframework.web.servlet.handler.SimpleUrlHandlerMapping.AbstractUrlHandlerMapping#registerHandler[AbstractUrlHandlerMapping.java:354] Mapped URL path [/**] onto handler of type [class org.springframework.web.servlet.resource.ResourceHttpRequestHandler]
2020-10-30 10:38:03,107 INFO [main] org.springframework.web.servlet.handler.SimpleUrlHandlerMapping.AbstractUrlHandlerMapping#registerHandler[AbstractUrlHandlerMapping.java:354] Mapped URL path [/**/favicon.ico] onto handler of type [class org.springframework.web.servlet.resource.ResourceHttpRequestHandler]
2020-10-30 10:38:03,906 INFO [main] org.springframework.jmx.export.annotation.AnnotationMBeanExporter.MBeanExporter#afterSingletonsInstantiated[MBeanExporter.java:431] Registering beans for JMX exposure on startup
2020-10-30 10:38:03,909 INFO [main] org.springframework.jmx.export.annotation.AnnotationMBeanExporter.MBeanExporter#autodetect[MBeanExporter.java:916] Bean with name 'dataSource' has been autodetected for JMX exposure
2020-10-30 10:38:03,915 INFO [main] org.springframework.jmx.export.annotation.AnnotationMBeanExporter.MBeanExporter#registerBeanInstance[MBeanExporter.java:671] Located MBean 'dataSource': registering with JMX server as MBean [com.alibaba.druid.spring.boot.autoconfigure:name=dataSource,type=DruidDataSourceWrapper]
2020-10-30 10:38:03,971 INFO [main] org.springframework.boot.context.embedded.tomcat.TomcatEmbeddedServletContainer.TomcatEmbeddedServletContainer#start[TomcatEmbeddedServletContainer.java:192] Tomcat started on port(s): 9999 (http)
2020-10-30 10:38:03,976 INFO [main] com.dcits.StartApp.StartupInfoLogger#logStarted[StartupInfoLogger.java:57] Started StartApp in 8.294 seconds (JVM running for 11.086)
2020-10-30 10:39:34,574 INFO [http-nio-9999-exec-1] org.apache.catalina.core.ContainerBase.[Tomcat].[localhost].[/].DirectJDKLog#log[DirectJDKLog.java:179] Initializing Spring FrameworkServlet 'dispatcherServlet'
2020-10-30 10:39:34,575 INFO [http-nio-9999-exec-1] org.springframework.web.servlet.DispatcherServlet.FrameworkServlet#initServletBean[FrameworkServlet.java:489] FrameworkServlet 'dispatcherServlet': initialization started
2020-10-30 10:39:34,621 INFO [http-nio-9999-exec-1] org.springframework.web.servlet.DispatcherServlet.FrameworkServlet#initServletBean[FrameworkServlet.java:508] FrameworkServlet 'dispatcherServlet': initialization completed in 45 ms
2020-10-30 10:39:55,223 ERROR [http-nio-9999-exec-1] com.dcits.controller.OfficeSourceController.OfficeSourceController#deleteShareToolById[OfficeSourceController.java:138] 分页查询share_tool信息====失败
org.apache.ibatis.binding.BindingException: Invalid bound statement (not found): com.dcits.dao.OfficeSourceMapper.deleteShareToolById
	at org.apache.ibatis.binding.MapperMethod$SqlCommand.<init>(MapperMethod.java:230)
	at org.apache.ibatis.binding.MapperMethod.<init>(MapperMethod.java:48)
	at org.apache.ibatis.binding.MapperProxy.cachedMapperMethod(MapperProxy.java:65)
	at org.apache.ibatis.binding.MapperProxy.invoke(MapperProxy.java:58)
	at com.sun.proxy.$Proxy62.deleteShareToolById(Unknown Source)
	at com.dcits.service.impl.OfficeSourceServiceImpl.deleteShareToolById(OfficeSourceServiceImpl.java:115)
	at com.dcits.controller.OfficeSourceController.deleteShareToolById(OfficeSourceController.java:132)
	at sun.reflect.NativeMethodAccessorImpl.invoke0(Native Method)
	at sun.reflect.NativeMethodAccessorImpl.invoke(NativeMethodAccessorImpl.java:62)
	at sun.reflect.DelegatingMethodAccessorImpl.invoke(DelegatingMethodAccessorImpl.java:43)
	at java.lang.reflect.Method.invoke(Method.java:498)
	at org.springframework.web.method.support.InvocableHandlerMethod.doInvoke(InvocableHandlerMethod.java:205)
	at org.springframework.web.method.support.InvocableHandlerMethod.invokeForRequest(InvocableHandlerMethod.java:133)
	at org.springframework.web.servlet.mvc.method.annotation.ServletInvocableHandlerMethod.invokeAndHandle(ServletInvocableHandlerMethod.java:116)
	at org.springframework.web.servlet.mvc.method.annotation.RequestMappingHandlerAdapter.invokeHandlerMethod(RequestMappingHandlerAdapter.java:827)
	at org.springframework.web.servlet.mvc.method.annotation.RequestMappingHandlerAdapter.handleInternal(RequestMappingHandlerAdapter.java:738)
	at org.springframework.web.servlet.mvc.method.AbstractHandlerMethodAdapter.handle(AbstractHandlerMethodAdapter.java:85)
	at org.springframework.web.servlet.DispatcherServlet.doDispatch(DispatcherServlet.java:963)
	at org.springframework.web.servlet.DispatcherServlet.doService(DispatcherServlet.java:897)
	at org.springframework.web.servlet.FrameworkServlet.processRequest(FrameworkServlet.java:970)
	at org.springframework.web.servlet.FrameworkServlet.doPost(FrameworkServlet.java:872)
	at javax.servlet.http.HttpServlet.service(HttpServlet.java:648)
	at org.springframework.web.servlet.FrameworkServlet.service(FrameworkServlet.java:846)
	at javax.servlet.http.HttpServlet.service(HttpServlet.java:729)
	at org.apache.catalina.core.ApplicationFilterChain.internalDoFilter(ApplicationFilterChain.java:230)
	at org.apache.catalina.core.ApplicationFilterChain.doFilter(ApplicationFilterChain.java:165)
	at org.apache.tomcat.websocket.server.WsFilter.doFilter(WsFilter.java:52)
	at org.apache.catalina.core.ApplicationFilterChain.internalDoFilter(ApplicationFilterChain.java:192)
	at org.apache.catalina.core.ApplicationFilterChain.doFilter(ApplicationFilterChain.java:165)
	at org.springframework.web.filter.RequestContextFilter.doFilterInternal(RequestContextFilter.java:99)
	at org.springframework.web.filter.OncePerRequestFilter.doFilter(OncePerRequestFilter.java:107)
	at org.apache.catalina.core.ApplicationFilterChain.internalDoFilter(ApplicationFilterChain.java:192)
	at org.apache.catalina.core.ApplicationFilterChain.doFilter(ApplicationFilterChain.java:165)
	at org.springframework.web.filter.HttpPutFormContentFilter.doFilterInternal(HttpPutFormContentFilter.java:105)
	at org.springframework.web.filter.OncePerRequestFilter.doFilter(OncePerRequestFilter.java:107)
	at org.apache.catalina.core.ApplicationFilterChain.internalDoFilter(ApplicationFilterChain.java:192)
	at org.apache.catalina.core.ApplicationFilterChain.doFilter(ApplicationFilterChain.java:165)
	at org.springframework.web.filter.HiddenHttpMethodFilter.doFilterInternal(HiddenHttpMethodFilter.java:81)
	at org.springframework.web.filter.OncePerRequestFilter.doFilter(OncePerRequestFilter.java:107)
	at org.apache.catalina.core.ApplicationFilterChain.internalDoFilter(ApplicationFilterChain.java:192)
	at org.apache.catalina.core.ApplicationFilterChain.doFilter(ApplicationFilterChain.java:165)
	at org.springframework.web.filter.CharacterEncodingFilter.doFilterInternal(CharacterEncodingFilter.java:197)
	at org.springframework.web.filter.OncePerRequestFilter.doFilter(OncePerRequestFilter.java:107)
	at org.apache.catalina.core.ApplicationFilterChain.internalDoFilter(ApplicationFilterChain.java:192)
	at org.apache.catalina.core.ApplicationFilterChain.doFilter(ApplicationFilterChain.java:165)
	at org.apache.catalina.core.StandardWrapperValve.invoke(StandardWrapperValve.java:198)
	at org.apache.catalina.core.StandardContextValve.invoke(StandardContextValve.java:96)
	at org.apache.catalina.authenticator.AuthenticatorBase.invoke(AuthenticatorBase.java:474)
	at org.apache.catalina.core.StandardHostValve.invoke(StandardHostValve.java:140)
	at org.apache.catalina.valves.ErrorReportValve.invoke(ErrorReportValve.java:79)
	at org.apache.catalina.core.StandardEngineValve.invoke(StandardEngineValve.java:87)
	at org.apache.catalina.connector.CoyoteAdapter.service(CoyoteAdapter.java:349)
	at org.apache.coyote.http11.Http11Processor.service(Http11Processor.java:783)
	at org.apache.coyote.AbstractProcessorLight.process(AbstractProcessorLight.java:66)
	at org.apache.coyote.AbstractProtocol$ConnectionHandler.process(AbstractProtocol.java:798)
	at org.apache.tomcat.util.net.NioEndpoint$SocketProcessor.doRun(NioEndpoint.java:1434)
	at org.apache.tomcat.util.net.SocketProcessorBase.run(SocketProcessorBase.java:49)
	at java.util.concurrent.ThreadPoolExecutor.runWorker(ThreadPoolExecutor.java:1149)
	at java.util.concurrent.ThreadPoolExecutor$Worker.run(ThreadPoolExecutor.java:624)
	at org.apache.tomcat.util.threads.TaskThread$WrappingRunnable.run(TaskThread.java:61)
	at java.lang.Thread.run(Thread.java:748)
2020-10-30 10:54:13,047 INFO [Thread-18] org.springframework.boot.context.embedded.AnnotationConfigEmbeddedWebApplicationContext.AbstractApplicationContext#doClose[AbstractApplicationContext.java:987] Closing org.springframework.boot.context.embedded.AnnotationConfigEmbeddedWebApplicationContext@2eee3069: startup date [Fri Oct 30 10:37:57 CST 2020]; root of context hierarchy
2020-10-30 10:54:13,063 INFO [Thread-18] org.springframework.jmx.export.annotation.AnnotationMBeanExporter.MBeanExporter#destroy[MBeanExporter.java:449] Unregistering JMX-exposed beans on shutdown
2020-10-30 10:54:13,064 INFO [Thread-18] org.springframework.jmx.export.annotation.AnnotationMBeanExporter.MBeanRegistrationSupport#unregisterBeans[MBeanRegistrationSupport.java:241] Unregistering JMX-exposed beans
2020-10-30 10:54:13,067 INFO [Thread-18] com.alibaba.druid.pool.DruidDataSource.DruidDataSource#close[DruidDataSource.java:1965] {dataSource-1} closing ...
2020-10-30 10:54:13,082 INFO [Thread-18] com.alibaba.druid.pool.DruidDataSource.DruidDataSource#close[DruidDataSource.java:2037] {dataSource-1} closed
2020-10-30 10:54:22,386 INFO [main] com.dcits.StartApp.StartupInfoLogger#logStarting[StartupInfoLogger.java:48] Starting StartApp on nanmiaoa with PID 21792 (D:\POC_CODE\project_comet\sm_rtDesign\target\classes started by nanmiaoa in D:\POC_CODE\project_comet\sm_rtDesign)
2020-10-30 10:54:22,398 INFO [main] com.dcits.StartApp.SpringApplication#logStartupProfileInfo[SpringApplication.java:641] The following profiles are active: default
2020-10-30 10:54:22,489 INFO [main] org.springframework.boot.context.embedded.AnnotationConfigEmbeddedWebApplicationContext.AbstractApplicationContext#prepareRefresh[AbstractApplicationContext.java:582] Refreshing org.springframework.boot.context.embedded.AnnotationConfigEmbeddedWebApplicationContext@7a1a3478: startup date [Fri Oct 30 10:54:22 CST 2020]; root of context hierarchy
2020-10-30 10:54:23,883 INFO [main] org.springframework.context.support.PostProcessorRegistrationDelegate$BeanPostProcessorChecker.PostProcessorRegistrationDelegate$BeanPostProcessorChecker#postProcessAfterInitialization[PostProcessorRegistrationDelegate.java:325] Bean 'org.springframework.boot.autoconfigure.validation.ValidationAutoConfiguration' of type [class org.springframework.boot.autoconfigure.validation.ValidationAutoConfiguration] is not eligible for getting processed by all BeanPostProcessors (for example: not eligible for auto-proxying)
2020-10-30 10:54:23,997 INFO [main] org.springframework.context.support.PostProcessorRegistrationDelegate$BeanPostProcessorChecker.PostProcessorRegistrationDelegate$BeanPostProcessorChecker#postProcessAfterInitialization[PostProcessorRegistrationDelegate.java:325] Bean 'validator' of type [class org.springframework.validation.beanvalidation.LocalValidatorFactoryBean] is not eligible for getting processed by all BeanPostProcessors (for example: not eligible for auto-proxying)
2020-10-30 10:54:24,038 INFO [main] org.springframework.context.support.PostProcessorRegistrationDelegate$BeanPostProcessorChecker.PostProcessorRegistrationDelegate$BeanPostProcessorChecker#postProcessAfterInitialization[PostProcessorRegistrationDelegate.java:325] Bean 'org.springframework.transaction.annotation.ProxyTransactionManagementConfiguration' of type [class org.springframework.transaction.annotation.ProxyTransactionManagementConfiguration$$EnhancerBySpringCGLIB$$12cd9bf6] is not eligible for getting processed by all BeanPostProcessors (for example: not eligible for auto-proxying)
2020-10-30 10:54:24,405 INFO [main] org.springframework.boot.context.embedded.tomcat.TomcatEmbeddedServletContainer.TomcatEmbeddedServletContainer#initialize[TomcatEmbeddedServletContainer.java:89] Tomcat initialized with port(s): 9999 (http)
2020-10-30 10:54:24,424 INFO [main] org.apache.catalina.core.StandardService.DirectJDKLog#log[DirectJDKLog.java:179] Starting service Tomcat
2020-10-30 10:54:24,425 INFO [main] org.apache.catalina.core.StandardEngine.DirectJDKLog#log[DirectJDKLog.java:179] Starting Servlet Engine: Apache Tomcat/8.5.11
2020-10-30 10:54:24,545 INFO [localhost-startStop-1] org.apache.catalina.core.ContainerBase.[Tomcat].[localhost].[/].DirectJDKLog#log[DirectJDKLog.java:179] Initializing Spring embedded WebApplicationContext
2020-10-30 10:54:24,546 INFO [localhost-startStop-1] org.springframework.web.context.ContextLoader.EmbeddedWebApplicationContext#prepareEmbeddedWebApplicationContext[EmbeddedWebApplicationContext.java:276] Root WebApplicationContext: initialization completed in 2057 ms
2020-10-30 10:54:24,793 INFO [localhost-startStop-1] org.springframework.boot.web.servlet.ServletRegistrationBean.ServletRegistrationBean#onStartup[ServletRegistrationBean.java:190] Mapping servlet: 'dispatcherServlet' to [/]
2020-10-30 10:54:24,799 INFO [localhost-startStop-1] org.springframework.boot.web.servlet.FilterRegistrationBean.AbstractFilterRegistrationBean#configure[AbstractFilterRegistrationBean.java:258] Mapping filter: 'characterEncodingFilter' to: [/*]
2020-10-30 10:54:24,800 INFO [localhost-startStop-1] org.springframework.boot.web.servlet.FilterRegistrationBean.AbstractFilterRegistrationBean#configure[AbstractFilterRegistrationBean.java:258] Mapping filter: 'hiddenHttpMethodFilter' to: [/*]
2020-10-30 10:54:24,802 INFO [localhost-startStop-1] org.springframework.boot.web.servlet.FilterRegistrationBean.AbstractFilterRegistrationBean#configure[AbstractFilterRegistrationBean.java:258] Mapping filter: 'httpPutFormContentFilter' to: [/*]
2020-10-30 10:54:24,802 INFO [localhost-startStop-1] org.springframework.boot.web.servlet.FilterRegistrationBean.AbstractFilterRegistrationBean#configure[AbstractFilterRegistrationBean.java:258] Mapping filter: 'requestContextFilter' to: [/*]
2020-10-30 10:54:24,997 INFO [main] com.alibaba.druid.spring.boot.autoconfigure.DruidDataSourceAutoConfigure.DruidDataSourceAutoConfigure#dataSource[DruidDataSourceAutoConfigure.java:56] Init DruidDataSource
2020-10-30 10:54:25,689 INFO [main] com.alibaba.druid.pool.DruidDataSource.DruidDataSource#init[DruidDataSource.java:1003] {dataSource-1} inited
2020-10-30 10:54:26,412 INFO [main] org.springframework.web.servlet.mvc.method.annotation.RequestMappingHandlerAdapter.RequestMappingHandlerAdapter#initControllerAdviceCache[RequestMappingHandlerAdapter.java:534] Looking for @ControllerAdvice: org.springframework.boot.context.embedded.AnnotationConfigEmbeddedWebApplicationContext@7a1a3478: startup date [Fri Oct 30 10:54:22 CST 2020]; root of context hierarchy
2020-10-30 10:54:26,649 INFO [main] org.springframework.web.servlet.mvc.method.annotation.RequestMappingHandlerMapping.AbstractHandlerMethodMapping$MappingRegistry#register[AbstractHandlerMethodMapping.java:543] Mapped "{[/officeSource/findPPTemplateDataByPage],methods=[POST],produces=[application/json]}" onto public com.dcits.entity.PaginatedResult com.dcits.controller.OfficeSourceController.findPPTemplateDataByPage(java.lang.String)
2020-10-30 10:54:26,652 INFO [main] org.springframework.web.servlet.mvc.method.annotation.RequestMappingHandlerMapping.AbstractHandlerMethodMapping$MappingRegistry#register[AbstractHandlerMethodMapping.java:543] Mapped "{[/officeSource/deletePPTemplateById],methods=[POST],produces=[application/json]}" onto public com.dcits.entity.PaginatedResult com.dcits.controller.OfficeSourceController.deletePPTemplateById(java.lang.String)
2020-10-30 10:54:26,653 INFO [main] org.springframework.web.servlet.mvc.method.annotation.RequestMappingHandlerMapping.AbstractHandlerMethodMapping$MappingRegistry#register[AbstractHandlerMethodMapping.java:543] Mapped "{[/officeSource/findWordTemplateDataByPage],methods=[POST],produces=[application/json]}" onto public com.dcits.entity.PaginatedResult com.dcits.controller.OfficeSourceController.findWordTemplateDataByPage(java.lang.String)
2020-10-30 10:54:26,653 INFO [main] org.springframework.web.servlet.mvc.method.annotation.RequestMappingHandlerMapping.AbstractHandlerMethodMapping$MappingRegistry#register[AbstractHandlerMethodMapping.java:543] Mapped "{[/officeSource/deleteWordTemplateById],methods=[POST],produces=[application/json]}" onto public com.dcits.entity.PaginatedResult com.dcits.controller.OfficeSourceController.deleteWordTemplateById(java.lang.String)
2020-10-30 10:54:26,654 INFO [main] org.springframework.web.servlet.mvc.method.annotation.RequestMappingHandlerMapping.AbstractHandlerMethodMapping$MappingRegistry#register[AbstractHandlerMethodMapping.java:543] Mapped "{[/officeSource/deleteShareToolById],methods=[POST],produces=[application/json]}" onto public com.dcits.entity.PaginatedResult com.dcits.controller.OfficeSourceController.deleteShareToolById(java.lang.String)
2020-10-30 10:54:26,654 INFO [main] org.springframework.web.servlet.mvc.method.annotation.RequestMappingHandlerMapping.AbstractHandlerMethodMapping$MappingRegistry#register[AbstractHandlerMethodMapping.java:543] Mapped "{[/officeSource/findShareToolDataByPage],methods=[POST],produces=[application/json]}" onto public com.dcits.entity.PaginatedResult com.dcits.controller.OfficeSourceController.findShareToolDataByPage(java.lang.String)
2020-10-30 10:54:26,655 INFO [main] org.springframework.web.servlet.mvc.method.annotation.RequestMappingHandlerMapping.AbstractHandlerMethodMapping$MappingRegistry#register[AbstractHandlerMethodMapping.java:543] Mapped "{[/officeSource/upload]}" onto public com.dcits.entity.RequestResult com.dcits.controller.OfficeSourceController.uploadFile(java.lang.String)
2020-10-30 10:54:26,657 INFO [main] org.springframework.web.servlet.mvc.method.annotation.RequestMappingHandlerMapping.AbstractHandlerMethodMapping$MappingRegistry#register[AbstractHandlerMethodMapping.java:543] Mapped "{[/error]}" onto public org.springframework.http.ResponseEntity<java.util.Map<java.lang.String, java.lang.Object>> org.springframework.boot.autoconfigure.web.BasicErrorController.error(javax.servlet.http.HttpServletRequest)
2020-10-30 10:54:26,658 INFO [main] org.springframework.web.servlet.mvc.method.annotation.RequestMappingHandlerMapping.AbstractHandlerMethodMapping$MappingRegistry#register[AbstractHandlerMethodMapping.java:543] Mapped "{[/error],produces=[text/html]}" onto public org.springframework.web.servlet.ModelAndView org.springframework.boot.autoconfigure.web.BasicErrorController.errorHtml(javax.servlet.http.HttpServletRequest,javax.servlet.http.HttpServletResponse)
2020-10-30 10:54:26,698 INFO [main] org.springframework.web.servlet.handler.SimpleUrlHandlerMapping.AbstractUrlHandlerMapping#registerHandler[AbstractUrlHandlerMapping.java:354] Mapped URL path [/webjars/**] onto handler of type [class org.springframework.web.servlet.resource.ResourceHttpRequestHandler]
2020-10-30 10:54:26,699 INFO [main] org.springframework.web.servlet.handler.SimpleUrlHandlerMapping.AbstractUrlHandlerMapping#registerHandler[AbstractUrlHandlerMapping.java:354] Mapped URL path [/**] onto handler of type [class org.springframework.web.servlet.resource.ResourceHttpRequestHandler]
2020-10-30 10:54:26,747 INFO [main] org.springframework.web.servlet.handler.SimpleUrlHandlerMapping.AbstractUrlHandlerMapping#registerHandler[AbstractUrlHandlerMapping.java:354] Mapped URL path [/**/favicon.ico] onto handler of type [class org.springframework.web.servlet.resource.ResourceHttpRequestHandler]
2020-10-30 10:54:27,329 INFO [main] org.springframework.jmx.export.annotation.AnnotationMBeanExporter.MBeanExporter#afterSingletonsInstantiated[MBeanExporter.java:431] Registering beans for JMX exposure on startup
2020-10-30 10:54:27,333 INFO [main] org.springframework.jmx.export.annotation.AnnotationMBeanExporter.MBeanExporter#autodetect[MBeanExporter.java:916] Bean with name 'dataSource' has been autodetected for JMX exposure
2020-10-30 10:54:27,340 INFO [main] org.springframework.jmx.export.annotation.AnnotationMBeanExporter.MBeanExporter#registerBeanInstance[MBeanExporter.java:671] Located MBean 'dataSource': registering with JMX server as MBean [com.alibaba.druid.spring.boot.autoconfigure:name=dataSource,type=DruidDataSourceWrapper]
2020-10-30 10:54:27,402 INFO [main] org.springframework.boot.context.embedded.tomcat.TomcatEmbeddedServletContainer.TomcatEmbeddedServletContainer#start[TomcatEmbeddedServletContainer.java:192] Tomcat started on port(s): 9999 (http)
2020-10-30 10:54:27,408 INFO [main] com.dcits.StartApp.StartupInfoLogger#logStarted[StartupInfoLogger.java:57] Started StartApp in 6.234 seconds (JVM running for 8.282)
2020-10-30 10:55:20,054 INFO [http-nio-9999-exec-1] org.apache.catalina.core.ContainerBase.[Tomcat].[localhost].[/].DirectJDKLog#log[DirectJDKLog.java:179] Initializing Spring FrameworkServlet 'dispatcherServlet'
2020-10-30 10:55:20,055 INFO [http-nio-9999-exec-1] org.springframework.web.servlet.DispatcherServlet.FrameworkServlet#initServletBean[FrameworkServlet.java:489] FrameworkServlet 'dispatcherServlet': initialization started
2020-10-30 10:55:20,098 INFO [http-nio-9999-exec-1] org.springframework.web.servlet.DispatcherServlet.FrameworkServlet#initServletBean[FrameworkServlet.java:508] FrameworkServlet 'dispatcherServlet': initialization completed in 43 ms
2020-10-30 10:55:45,512 INFO [http-nio-9999-exec-1] com.dcits.controller.OfficeSourceController.OfficeSourceController#deleteShareToolById[OfficeSourceController.java:133] share_tool删除信息====成功
2020-10-30 10:55:49,913 INFO [http-nio-9999-exec-1] com.dcits.controller.OfficeSourceController.OfficeSourceController#deleteShareToolById[OfficeSourceController.java:135] 分页查询share_tool信息====成功
2020-10-30 13:42:31,489 INFO [Thread-15] org.springframework.boot.context.embedded.AnnotationConfigEmbeddedWebApplicationContext.AbstractApplicationContext#doClose[AbstractApplicationContext.java:987] Closing org.springframework.boot.context.embedded.AnnotationConfigEmbeddedWebApplicationContext@7a1a3478: startup date [Fri Oct 30 10:54:22 CST 2020]; root of context hierarchy
2020-10-30 13:42:31,530 INFO [Thread-15] org.springframework.jmx.export.annotation.AnnotationMBeanExporter.MBeanExporter#destroy[MBeanExporter.java:449] Unregistering JMX-exposed beans on shutdown
2020-10-30 13:42:31,532 INFO [Thread-15] org.springframework.jmx.export.annotation.AnnotationMBeanExporter.MBeanRegistrationSupport#unregisterBeans[MBeanRegistrationSupport.java:241] Unregistering JMX-exposed beans
2020-10-30 13:42:31,537 INFO [Thread-15] com.alibaba.druid.pool.DruidDataSource.DruidDataSource#close[DruidDataSource.java:1965] {dataSource-1} closing ...
2020-10-30 13:42:31,553 INFO [Thread-15] com.alibaba.druid.pool.DruidDataSource.DruidDataSource#close[DruidDataSource.java:2037] {dataSource-1} closed
2020-10-30 15:44:21,774 INFO [main] com.dcits.StartApp.StartupInfoLogger#logStarting[StartupInfoLogger.java:48] Starting StartApp on nanmiaoa with PID 5884 (D:\POC_CODE\project_comet\sm_rtDesign\target\classes started by nanmiaoa in D:\POC_CODE\project_comet\sm_rtDesign)
2020-10-30 15:44:21,786 INFO [main] com.dcits.StartApp.SpringApplication#logStartupProfileInfo[SpringApplication.java:641] The following profiles are active: default
2020-10-30 15:44:21,875 INFO [main] org.springframework.boot.context.embedded.AnnotationConfigEmbeddedWebApplicationContext.AbstractApplicationContext#prepareRefresh[AbstractApplicationContext.java:582] Refreshing org.springframework.boot.context.embedded.AnnotationConfigEmbeddedWebApplicationContext@18bc345: startup date [Fri Oct 30 15:44:21 CST 2020]; root of context hierarchy
2020-10-30 15:44:23,257 INFO [main] org.springframework.context.support.PostProcessorRegistrationDelegate$BeanPostProcessorChecker.PostProcessorRegistrationDelegate$BeanPostProcessorChecker#postProcessAfterInitialization[PostProcessorRegistrationDelegate.java:325] Bean 'org.springframework.boot.autoconfigure.validation.ValidationAutoConfiguration' of type [class org.springframework.boot.autoconfigure.validation.ValidationAutoConfiguration] is not eligible for getting processed by all BeanPostProcessors (for example: not eligible for auto-proxying)
2020-10-30 15:44:23,355 INFO [main] org.springframework.context.support.PostProcessorRegistrationDelegate$BeanPostProcessorChecker.PostProcessorRegistrationDelegate$BeanPostProcessorChecker#postProcessAfterInitialization[PostProcessorRegistrationDelegate.java:325] Bean 'validator' of type [class org.springframework.validation.beanvalidation.LocalValidatorFactoryBean] is not eligible for getting processed by all BeanPostProcessors (for example: not eligible for auto-proxying)
2020-10-30 15:44:23,394 INFO [main] org.springframework.context.support.PostProcessorRegistrationDelegate$BeanPostProcessorChecker.PostProcessorRegistrationDelegate$BeanPostProcessorChecker#postProcessAfterInitialization[PostProcessorRegistrationDelegate.java:325] Bean 'org.springframework.transaction.annotation.ProxyTransactionManagementConfiguration' of type [class org.springframework.transaction.annotation.ProxyTransactionManagementConfiguration$$EnhancerBySpringCGLIB$$e55a2106] is not eligible for getting processed by all BeanPostProcessors (for example: not eligible for auto-proxying)
2020-10-30 15:44:23,759 INFO [main] org.springframework.boot.context.embedded.tomcat.TomcatEmbeddedServletContainer.TomcatEmbeddedServletContainer#initialize[TomcatEmbeddedServletContainer.java:89] Tomcat initialized with port(s): 9999 (http)
2020-10-30 15:44:23,779 INFO [main] org.apache.catalina.core.StandardService.DirectJDKLog#log[DirectJDKLog.java:179] Starting service Tomcat
2020-10-30 15:44:23,780 INFO [main] org.apache.catalina.core.StandardEngine.DirectJDKLog#log[DirectJDKLog.java:179] Starting Servlet Engine: Apache Tomcat/8.5.11
2020-10-30 15:44:23,889 INFO [localhost-startStop-1] org.apache.catalina.core.ContainerBase.[Tomcat].[localhost].[/].DirectJDKLog#log[DirectJDKLog.java:179] Initializing Spring embedded WebApplicationContext
2020-10-30 15:44:23,889 INFO [localhost-startStop-1] org.springframework.web.context.ContextLoader.EmbeddedWebApplicationContext#prepareEmbeddedWebApplicationContext[EmbeddedWebApplicationContext.java:276] Root WebApplicationContext: initialization completed in 2014 ms
2020-10-30 15:44:24,119 INFO [localhost-startStop-1] org.springframework.boot.web.servlet.ServletRegistrationBean.ServletRegistrationBean#onStartup[ServletRegistrationBean.java:190] Mapping servlet: 'dispatcherServlet' to [/]
2020-10-30 15:44:24,125 INFO [localhost-startStop-1] org.springframework.boot.web.servlet.FilterRegistrationBean.AbstractFilterRegistrationBean#configure[AbstractFilterRegistrationBean.java:258] Mapping filter: 'characterEncodingFilter' to: [/*]
2020-10-30 15:44:24,126 INFO [localhost-startStop-1] org.springframework.boot.web.servlet.FilterRegistrationBean.AbstractFilterRegistrationBean#configure[AbstractFilterRegistrationBean.java:258] Mapping filter: 'hiddenHttpMethodFilter' to: [/*]
2020-10-30 15:44:24,126 INFO [localhost-startStop-1] org.springframework.boot.web.servlet.FilterRegistrationBean.AbstractFilterRegistrationBean#configure[AbstractFilterRegistrationBean.java:258] Mapping filter: 'httpPutFormContentFilter' to: [/*]
2020-10-30 15:44:24,127 INFO [localhost-startStop-1] org.springframework.boot.web.servlet.FilterRegistrationBean.AbstractFilterRegistrationBean#configure[AbstractFilterRegistrationBean.java:258] Mapping filter: 'requestContextFilter' to: [/*]
2020-10-30 15:44:24,315 INFO [main] com.alibaba.druid.spring.boot.autoconfigure.DruidDataSourceAutoConfigure.DruidDataSourceAutoConfigure#dataSource[DruidDataSourceAutoConfigure.java:56] Init DruidDataSource
2020-10-30 15:44:25,011 INFO [main] com.alibaba.druid.pool.DruidDataSource.DruidDataSource#init[DruidDataSource.java:1003] {dataSource-1} inited
2020-10-30 15:44:25,771 INFO [main] org.springframework.web.servlet.mvc.method.annotation.RequestMappingHandlerAdapter.RequestMappingHandlerAdapter#initControllerAdviceCache[RequestMappingHandlerAdapter.java:534] Looking for @ControllerAdvice: org.springframework.boot.context.embedded.AnnotationConfigEmbeddedWebApplicationContext@18bc345: startup date [Fri Oct 30 15:44:21 CST 2020]; root of context hierarchy
2020-10-30 15:44:26,020 INFO [main] org.springframework.web.servlet.mvc.method.annotation.RequestMappingHandlerMapping.AbstractHandlerMethodMapping$MappingRegistry#register[AbstractHandlerMethodMapping.java:543] Mapped "{[/officeSource/upload]}" onto public com.dcits.entity.RequestResult com.dcits.controller.OfficeSourceController.uploadFile(java.lang.String)
2020-10-30 15:44:26,022 INFO [main] org.springframework.web.servlet.mvc.method.annotation.RequestMappingHandlerMapping.AbstractHandlerMethodMapping$MappingRegistry#register[AbstractHandlerMethodMapping.java:543] Mapped "{[/officeSource/toLogin],methods=[POST],produces=[application/json]}" onto public com.dcits.entity.PaginatedResult com.dcits.controller.OfficeSourceController.toLogin(java.lang.String)
2020-10-30 15:44:26,023 INFO [main] org.springframework.web.servlet.mvc.method.annotation.RequestMappingHandlerMapping.AbstractHandlerMethodMapping$MappingRegistry#register[AbstractHandlerMethodMapping.java:543] Mapped "{[/officeSource/findWordTemplateDataByPage],methods=[POST],produces=[application/json]}" onto public com.dcits.entity.PaginatedResult com.dcits.controller.OfficeSourceController.findWordTemplateDataByPage(java.lang.String)
2020-10-30 15:44:26,024 INFO [main] org.springframework.web.servlet.mvc.method.annotation.RequestMappingHandlerMapping.AbstractHandlerMethodMapping$MappingRegistry#register[AbstractHandlerMethodMapping.java:543] Mapped "{[/officeSource/deleteShareToolById],methods=[POST],produces=[application/json]}" onto public com.dcits.entity.PaginatedResult com.dcits.controller.OfficeSourceController.deleteShareToolById(java.lang.String)
2020-10-30 15:44:26,025 INFO [main] org.springframework.web.servlet.mvc.method.annotation.RequestMappingHandlerMapping.AbstractHandlerMethodMapping$MappingRegistry#register[AbstractHandlerMethodMapping.java:543] Mapped "{[/officeSource/findShareToolDataByPage],methods=[POST],produces=[application/json]}" onto public com.dcits.entity.PaginatedResult com.dcits.controller.OfficeSourceController.findShareToolDataByPage(java.lang.String)
2020-10-30 15:44:26,025 INFO [main] org.springframework.web.servlet.mvc.method.annotation.RequestMappingHandlerMapping.AbstractHandlerMethodMapping$MappingRegistry#register[AbstractHandlerMethodMapping.java:543] Mapped "{[/officeSource/deleteWordTemplateById],methods=[POST],produces=[application/json]}" onto public com.dcits.entity.PaginatedResult com.dcits.controller.OfficeSourceController.deleteWordTemplateById(java.lang.String)
2020-10-30 15:44:26,026 INFO [main] org.springframework.web.servlet.mvc.method.annotation.RequestMappingHandlerMapping.AbstractHandlerMethodMapping$MappingRegistry#register[AbstractHandlerMethodMapping.java:543] Mapped "{[/officeSource/findPPTemplateDataByPage],methods=[POST],produces=[application/json]}" onto public com.dcits.entity.PaginatedResult com.dcits.controller.OfficeSourceController.findPPTemplateDataByPage(java.lang.String)
2020-10-30 15:44:26,027 INFO [main] org.springframework.web.servlet.mvc.method.annotation.RequestMappingHandlerMapping.AbstractHandlerMethodMapping$MappingRegistry#register[AbstractHandlerMethodMapping.java:543] Mapped "{[/officeSource/deletePPTemplateById],methods=[POST],produces=[application/json]}" onto public com.dcits.entity.PaginatedResult com.dcits.controller.OfficeSourceController.deletePPTemplateById(java.lang.String)
2020-10-30 15:44:26,031 INFO [main] org.springframework.web.servlet.mvc.method.annotation.RequestMappingHandlerMapping.AbstractHandlerMethodMapping$MappingRegistry#register[AbstractHandlerMethodMapping.java:543] Mapped "{[/error]}" onto public org.springframework.http.ResponseEntity<java.util.Map<java.lang.String, java.lang.Object>> org.springframework.boot.autoconfigure.web.BasicErrorController.error(javax.servlet.http.HttpServletRequest)
2020-10-30 15:44:26,034 INFO [main] org.springframework.web.servlet.mvc.method.annotation.RequestMappingHandlerMapping.AbstractHandlerMethodMapping$MappingRegistry#register[AbstractHandlerMethodMapping.java:543] Mapped "{[/error],produces=[text/html]}" onto public org.springframework.web.servlet.ModelAndView org.springframework.boot.autoconfigure.web.BasicErrorController.errorHtml(javax.servlet.http.HttpServletRequest,javax.servlet.http.HttpServletResponse)
2020-10-30 15:44:26,096 INFO [main] org.springframework.web.servlet.handler.SimpleUrlHandlerMapping.AbstractUrlHandlerMapping#registerHandler[AbstractUrlHandlerMapping.java:354] Mapped URL path [/webjars/**] onto handler of type [class org.springframework.web.servlet.resource.ResourceHttpRequestHandler]
2020-10-30 15:44:26,097 INFO [main] org.springframework.web.servlet.handler.SimpleUrlHandlerMapping.AbstractUrlHandlerMapping#registerHandler[AbstractUrlHandlerMapping.java:354] Mapped URL path [/**] onto handler of type [class org.springframework.web.servlet.resource.ResourceHttpRequestHandler]
2020-10-30 15:44:26,155 INFO [main] org.springframework.web.servlet.handler.SimpleUrlHandlerMapping.AbstractUrlHandlerMapping#registerHandler[AbstractUrlHandlerMapping.java:354] Mapped URL path [/**/favicon.ico] onto handler of type [class org.springframework.web.servlet.resource.ResourceHttpRequestHandler]
2020-10-30 15:44:26,869 INFO [main] org.springframework.jmx.export.annotation.AnnotationMBeanExporter.MBeanExporter#afterSingletonsInstantiated[MBeanExporter.java:431] Registering beans for JMX exposure on startup
2020-10-30 15:44:26,871 INFO [main] org.springframework.jmx.export.annotation.AnnotationMBeanExporter.MBeanExporter#autodetect[MBeanExporter.java:916] Bean with name 'dataSource' has been autodetected for JMX exposure
2020-10-30 15:44:26,877 INFO [main] org.springframework.jmx.export.annotation.AnnotationMBeanExporter.MBeanExporter#registerBeanInstance[MBeanExporter.java:671] Located MBean 'dataSource': registering with JMX server as MBean [com.alibaba.druid.spring.boot.autoconfigure:name=dataSource,type=DruidDataSourceWrapper]
2020-10-30 15:44:26,944 INFO [main] org.springframework.boot.context.embedded.tomcat.TomcatEmbeddedServletContainer.TomcatEmbeddedServletContainer#start[TomcatEmbeddedServletContainer.java:192] Tomcat started on port(s): 9999 (http)
2020-10-30 15:44:26,958 INFO [main] com.dcits.StartApp.StartupInfoLogger#logStarted[StartupInfoLogger.java:57] Started StartApp in 6.437 seconds (JVM running for 8.453)
2020-10-30 15:44:34,523 INFO [Thread-16] org.springframework.boot.context.embedded.AnnotationConfigEmbeddedWebApplicationContext.AbstractApplicationContext#doClose[AbstractApplicationContext.java:987] Closing org.springframework.boot.context.embedded.AnnotationConfigEmbeddedWebApplicationContext@18bc345: startup date [Fri Oct 30 15:44:21 CST 2020]; root of context hierarchy
2020-10-30 15:44:34,528 INFO [Thread-16] org.springframework.jmx.export.annotation.AnnotationMBeanExporter.MBeanExporter#destroy[MBeanExporter.java:449] Unregistering JMX-exposed beans on shutdown
2020-10-30 15:44:34,528 INFO [Thread-16] org.springframework.jmx.export.annotation.AnnotationMBeanExporter.MBeanRegistrationSupport#unregisterBeans[MBeanRegistrationSupport.java:241] Unregistering JMX-exposed beans
2020-10-30 15:44:34,531 INFO [Thread-16] com.alibaba.druid.pool.DruidDataSource.DruidDataSource#close[DruidDataSource.java:1965] {dataSource-1} closing ...
2020-10-30 15:44:34,544 INFO [Thread-16] com.alibaba.druid.pool.DruidDataSource.DruidDataSource#close[DruidDataSource.java:2037] {dataSource-1} closed
2020-10-30 17:16:18,154 INFO [main] com.dcits.StartApp.StartupInfoLogger#logStarting[StartupInfoLogger.java:48] Starting StartApp on nanmiaoa with PID 20148 (D:\POC_CODE\project_comet\sm_rtDesign\target\classes started by nanmiaoa in D:\POC_CODE\project_comet\sm_rtDesign)
2020-10-30 17:16:18,170 INFO [main] com.dcits.StartApp.SpringApplication#logStartupProfileInfo[SpringApplication.java:641] The following profiles are active: default
2020-10-30 17:16:18,289 INFO [main] org.springframework.boot.context.embedded.AnnotationConfigEmbeddedWebApplicationContext.AbstractApplicationContext#prepareRefresh[AbstractApplicationContext.java:582] Refreshing org.springframework.boot.context.embedded.AnnotationConfigEmbeddedWebApplicationContext@3724af13: startup date [Fri Oct 30 17:16:18 CST 2020]; root of context hierarchy
2020-10-30 17:16:19,690 INFO [main] org.springframework.context.support.PostProcessorRegistrationDelegate$BeanPostProcessorChecker.PostProcessorRegistrationDelegate$BeanPostProcessorChecker#postProcessAfterInitialization[PostProcessorRegistrationDelegate.java:325] Bean 'org.springframework.boot.autoconfigure.validation.ValidationAutoConfiguration' of type [class org.springframework.boot.autoconfigure.validation.ValidationAutoConfiguration] is not eligible for getting processed by all BeanPostProcessors (for example: not eligible for auto-proxying)
2020-10-30 17:16:19,820 INFO [main] org.springframework.context.support.PostProcessorRegistrationDelegate$BeanPostProcessorChecker.PostProcessorRegistrationDelegate$BeanPostProcessorChecker#postProcessAfterInitialization[PostProcessorRegistrationDelegate.java:325] Bean 'validator' of type [class org.springframework.validation.beanvalidation.LocalValidatorFactoryBean] is not eligible for getting processed by all BeanPostProcessors (for example: not eligible for auto-proxying)
2020-10-30 17:16:19,890 INFO [main] org.springframework.context.support.PostProcessorRegistrationDelegate$BeanPostProcessorChecker.PostProcessorRegistrationDelegate$BeanPostProcessorChecker#postProcessAfterInitialization[PostProcessorRegistrationDelegate.java:325] Bean 'org.springframework.transaction.annotation.ProxyTransactionManagementConfiguration' of type [class org.springframework.transaction.annotation.ProxyTransactionManagementConfiguration$$EnhancerBySpringCGLIB$$c5970443] is not eligible for getting processed by all BeanPostProcessors (for example: not eligible for auto-proxying)
2020-10-30 17:16:20,288 INFO [main] org.springframework.boot.context.embedded.tomcat.TomcatEmbeddedServletContainer.TomcatEmbeddedServletContainer#initialize[TomcatEmbeddedServletContainer.java:89] Tomcat initialized with port(s): 9999 (http)
2020-10-30 17:16:20,305 INFO [main] org.apache.catalina.core.StandardService.DirectJDKLog#log[DirectJDKLog.java:179] Starting service Tomcat
2020-10-30 17:16:20,306 INFO [main] org.apache.catalina.core.StandardEngine.DirectJDKLog#log[DirectJDKLog.java:179] Starting Servlet Engine: Apache Tomcat/8.5.11
2020-10-30 17:16:20,421 INFO [localhost-startStop-1] org.apache.catalina.core.ContainerBase.[Tomcat].[localhost].[/].DirectJDKLog#log[DirectJDKLog.java:179] Initializing Spring embedded WebApplicationContext
2020-10-30 17:16:20,422 INFO [localhost-startStop-1] org.springframework.web.context.ContextLoader.EmbeddedWebApplicationContext#prepareEmbeddedWebApplicationContext[EmbeddedWebApplicationContext.java:276] Root WebApplicationContext: initialization completed in 2133 ms
2020-10-30 17:16:20,648 INFO [localhost-startStop-1] org.springframework.boot.web.servlet.ServletRegistrationBean.ServletRegistrationBean#onStartup[ServletRegistrationBean.java:190] Mapping servlet: 'dispatcherServlet' to [/]
2020-10-30 17:16:20,656 INFO [localhost-startStop-1] org.springframework.boot.web.servlet.FilterRegistrationBean.AbstractFilterRegistrationBean#configure[AbstractFilterRegistrationBean.java:258] Mapping filter: 'characterEncodingFilter' to: [/*]
2020-10-30 17:16:20,658 INFO [localhost-startStop-1] org.springframework.boot.web.servlet.FilterRegistrationBean.AbstractFilterRegistrationBean#configure[AbstractFilterRegistrationBean.java:258] Mapping filter: 'hiddenHttpMethodFilter' to: [/*]
2020-10-30 17:16:20,658 INFO [localhost-startStop-1] org.springframework.boot.web.servlet.FilterRegistrationBean.AbstractFilterRegistrationBean#configure[AbstractFilterRegistrationBean.java:258] Mapping filter: 'httpPutFormContentFilter' to: [/*]
2020-10-30 17:16:20,659 INFO [localhost-startStop-1] org.springframework.boot.web.servlet.FilterRegistrationBean.AbstractFilterRegistrationBean#configure[AbstractFilterRegistrationBean.java:258] Mapping filter: 'requestContextFilter' to: [/*]
2020-10-30 17:16:20,876 INFO [main] com.alibaba.druid.spring.boot.autoconfigure.DruidDataSourceAutoConfigure.DruidDataSourceAutoConfigure#dataSource[DruidDataSourceAutoConfigure.java:56] Init DruidDataSource
2020-10-30 17:16:21,639 INFO [main] com.alibaba.druid.pool.DruidDataSource.DruidDataSource#init[DruidDataSource.java:1003] {dataSource-1} inited
2020-10-30 17:16:22,435 INFO [main] org.springframework.web.servlet.mvc.method.annotation.RequestMappingHandlerAdapter.RequestMappingHandlerAdapter#initControllerAdviceCache[RequestMappingHandlerAdapter.java:534] Looking for @ControllerAdvice: org.springframework.boot.context.embedded.AnnotationConfigEmbeddedWebApplicationContext@3724af13: startup date [Fri Oct 30 17:16:18 CST 2020]; root of context hierarchy
2020-10-30 17:16:22,668 INFO [main] org.springframework.web.servlet.mvc.method.annotation.RequestMappingHandlerMapping.AbstractHandlerMethodMapping$MappingRegistry#register[AbstractHandlerMethodMapping.java:543] Mapped "{[/admin/toLogin],methods=[POST],produces=[application/json]}" onto public com.dcits.entity.PaginatedResult com.dcits.controller.AdminController.toLogin(java.lang.String)
2020-10-30 17:16:22,672 INFO [main] org.springframework.web.servlet.mvc.method.annotation.RequestMappingHandlerMapping.AbstractHandlerMethodMapping$MappingRegistry#register[AbstractHandlerMethodMapping.java:543] Mapped "{[/officeSource/upload]}" onto public com.dcits.entity.PaginatedResult com.dcits.controller.OfficeSourceController.uploadFile(java.lang.String)
2020-10-30 17:16:22,674 INFO [main] org.springframework.web.servlet.mvc.method.annotation.RequestMappingHandlerMapping.AbstractHandlerMethodMapping$MappingRegistry#register[AbstractHandlerMethodMapping.java:543] Mapped "{[/officeSource/findShareToolDataByPage],methods=[POST],produces=[application/json]}" onto public com.dcits.entity.PaginatedResult com.dcits.controller.OfficeSourceController.findShareToolDataByPage(java.lang.String)
2020-10-30 17:16:22,675 INFO [main] org.springframework.web.servlet.mvc.method.annotation.RequestMappingHandlerMapping.AbstractHandlerMethodMapping$MappingRegistry#register[AbstractHandlerMethodMapping.java:543] Mapped "{[/officeSource/findWordTemplateDataByPage],methods=[POST],produces=[application/json]}" onto public com.dcits.entity.PaginatedResult com.dcits.controller.OfficeSourceController.findWordTemplateDataByPage(java.lang.String)
2020-10-30 17:16:22,675 INFO [main] org.springframework.web.servlet.mvc.method.annotation.RequestMappingHandlerMapping.AbstractHandlerMethodMapping$MappingRegistry#register[AbstractHandlerMethodMapping.java:543] Mapped "{[/officeSource/deleteShareToolById],methods=[POST],produces=[application/json]}" onto public com.dcits.entity.PaginatedResult com.dcits.controller.OfficeSourceController.deleteShareToolById(java.lang.String)
2020-10-30 17:16:22,676 INFO [main] org.springframework.web.servlet.mvc.method.annotation.RequestMappingHandlerMapping.AbstractHandlerMethodMapping$MappingRegistry#register[AbstractHandlerMethodMapping.java:543] Mapped "{[/officeSource/deleteWordTemplateById],methods=[POST],produces=[application/json]}" onto public com.dcits.entity.PaginatedResult com.dcits.controller.OfficeSourceController.deleteWordTemplateById(java.lang.String)
2020-10-30 17:16:22,677 INFO [main] org.springframework.web.servlet.mvc.method.annotation.RequestMappingHandlerMapping.AbstractHandlerMethodMapping$MappingRegistry#register[AbstractHandlerMethodMapping.java:543] Mapped "{[/officeSource/findPPTemplateDataByPage],methods=[POST],produces=[application/json]}" onto public com.dcits.entity.PaginatedResult com.dcits.controller.OfficeSourceController.findPPTemplateDataByPage(java.lang.String)
2020-10-30 17:16:22,677 INFO [main] org.springframework.web.servlet.mvc.method.annotation.RequestMappingHandlerMapping.AbstractHandlerMethodMapping$MappingRegistry#register[AbstractHandlerMethodMapping.java:543] Mapped "{[/officeSource/deletePPTemplateById],methods=[POST],produces=[application/json]}" onto public com.dcits.entity.PaginatedResult com.dcits.controller.OfficeSourceController.deletePPTemplateById(java.lang.String)
2020-10-30 17:16:22,681 INFO [main] org.springframework.web.servlet.mvc.method.annotation.RequestMappingHandlerMapping.AbstractHandlerMethodMapping$MappingRegistry#register[AbstractHandlerMethodMapping.java:543] Mapped "{[/error]}" onto public org.springframework.http.ResponseEntity<java.util.Map<java.lang.String, java.lang.Object>> org.springframework.boot.autoconfigure.web.BasicErrorController.error(javax.servlet.http.HttpServletRequest)
2020-10-30 17:16:22,681 INFO [main] org.springframework.web.servlet.mvc.method.annotation.RequestMappingHandlerMapping.AbstractHandlerMethodMapping$MappingRegistry#register[AbstractHandlerMethodMapping.java:543] Mapped "{[/error],produces=[text/html]}" onto public org.springframework.web.servlet.ModelAndView org.springframework.boot.autoconfigure.web.BasicErrorController.errorHtml(javax.servlet.http.HttpServletRequest,javax.servlet.http.HttpServletResponse)
2020-10-30 17:16:22,726 INFO [main] org.springframework.web.servlet.handler.SimpleUrlHandlerMapping.AbstractUrlHandlerMapping#registerHandler[AbstractUrlHandlerMapping.java:354] Mapped URL path [/webjars/**] onto handler of type [class org.springframework.web.servlet.resource.ResourceHttpRequestHandler]
2020-10-30 17:16:22,726 INFO [main] org.springframework.web.servlet.handler.SimpleUrlHandlerMapping.AbstractUrlHandlerMapping#registerHandler[AbstractUrlHandlerMapping.java:354] Mapped URL path [/**] onto handler of type [class org.springframework.web.servlet.resource.ResourceHttpRequestHandler]
2020-10-30 17:16:22,783 INFO [main] org.springframework.web.servlet.handler.SimpleUrlHandlerMapping.AbstractUrlHandlerMapping#registerHandler[AbstractUrlHandlerMapping.java:354] Mapped URL path [/**/favicon.ico] onto handler of type [class org.springframework.web.servlet.resource.ResourceHttpRequestHandler]
2020-10-30 17:16:23,456 INFO [main] org.springframework.jmx.export.annotation.AnnotationMBeanExporter.MBeanExporter#afterSingletonsInstantiated[MBeanExporter.java:431] Registering beans for JMX exposure on startup
2020-10-30 17:16:23,458 INFO [main] org.springframework.jmx.export.annotation.AnnotationMBeanExporter.MBeanExporter#autodetect[MBeanExporter.java:916] Bean with name 'dataSource' has been autodetected for JMX exposure
2020-10-30 17:16:23,466 INFO [main] org.springframework.jmx.export.annotation.AnnotationMBeanExporter.MBeanExporter#registerBeanInstance[MBeanExporter.java:671] Located MBean 'dataSource': registering with JMX server as MBean [com.alibaba.druid.spring.boot.autoconfigure:name=dataSource,type=DruidDataSourceWrapper]
2020-10-30 17:16:23,537 INFO [main] org.springframework.boot.context.embedded.tomcat.TomcatEmbeddedServletContainer.TomcatEmbeddedServletContainer#start[TomcatEmbeddedServletContainer.java:192] Tomcat started on port(s): 9999 (http)
2020-10-30 17:16:23,545 INFO [main] com.dcits.StartApp.StartupInfoLogger#logStarted[StartupInfoLogger.java:57] Started StartApp in 6.697 seconds (JVM running for 9.203)
2020-10-30 17:40:26,890 INFO [http-nio-9999-exec-1] org.apache.catalina.core.ContainerBase.[Tomcat].[localhost].[/].DirectJDKLog#log[DirectJDKLog.java:179] Initializing Spring FrameworkServlet 'dispatcherServlet'
2020-10-30 17:40:26,893 INFO [http-nio-9999-exec-1] org.springframework.web.servlet.DispatcherServlet.FrameworkServlet#initServletBean[FrameworkServlet.java:489] FrameworkServlet 'dispatcherServlet': initialization started
2020-10-30 17:40:26,945 INFO [http-nio-9999-exec-1] org.springframework.web.servlet.DispatcherServlet.FrameworkServlet#initServletBean[FrameworkServlet.java:508] FrameworkServlet 'dispatcherServlet': initialization completed in 52 ms
2020-10-30 17:40:27,045 WARN [http-nio-9999-exec-1] org.springframework.web.servlet.mvc.support.DefaultHandlerExceptionResolver.DefaultHandlerExceptionResolver#handleHttpMessageNotReadable[DefaultHandlerExceptionResolver.java:384] Failed to read HTTP message: org.springframework.http.converter.HttpMessageNotReadableException: Required request body is missing: public com.dcits.entity.PaginatedResult com.dcits.controller.OfficeSourceController.uploadFile(java.lang.String)
2020-10-30 17:41:05,969 WARN [http-nio-9999-exec-4] org.springframework.web.servlet.mvc.support.DefaultHandlerExceptionResolver.DefaultHandlerExceptionResolver#handleHttpMessageNotReadable[DefaultHandlerExceptionResolver.java:384] Failed to read HTTP message: org.springframework.http.converter.HttpMessageNotReadableException: Required request body is missing: public com.dcits.entity.PaginatedResult com.dcits.controller.OfficeSourceController.uploadFile(java.lang.String)
2020-10-30 17:41:33,887 INFO [Thread-16] org.springframework.boot.context.embedded.AnnotationConfigEmbeddedWebApplicationContext.AbstractApplicationContext#doClose[AbstractApplicationContext.java:987] Closing org.springframework.boot.context.embedded.AnnotationConfigEmbeddedWebApplicationContext@3724af13: startup date [Fri Oct 30 17:16:18 CST 2020]; root of context hierarchy
2020-10-30 17:41:33,892 INFO [Thread-16] org.springframework.jmx.export.annotation.AnnotationMBeanExporter.MBeanExporter#destroy[MBeanExporter.java:449] Unregistering JMX-exposed beans on shutdown
2020-10-30 17:41:33,892 INFO [Thread-16] org.springframework.jmx.export.annotation.AnnotationMBeanExporter.MBeanRegistrationSupport#unregisterBeans[MBeanRegistrationSupport.java:241] Unregistering JMX-exposed beans
2020-10-30 17:41:33,895 INFO [Thread-16] com.alibaba.druid.pool.DruidDataSource.DruidDataSource#close[DruidDataSource.java:1965] {dataSource-1} closing ...
2020-10-30 17:41:33,905 INFO [Thread-16] com.alibaba.druid.pool.DruidDataSource.DruidDataSource#close[DruidDataSource.java:2037] {dataSource-1} closed
2020-10-30 17:41:46,923 INFO [main] com.dcits.StartApp.StartupInfoLogger#logStarting[StartupInfoLogger.java:48] Starting StartApp on nanmiaoa with PID 25344 (D:\POC_CODE\project_comet\sm_rtDesign\target\classes started by nanmiaoa in D:\POC_CODE\project_comet\sm_rtDesign)
2020-10-30 17:41:46,934 INFO [main] com.dcits.StartApp.SpringApplication#logStartupProfileInfo[SpringApplication.java:641] The following profiles are active: default
2020-10-30 17:41:47,014 INFO [main] org.springframework.boot.context.embedded.AnnotationConfigEmbeddedWebApplicationContext.AbstractApplicationContext#prepareRefresh[AbstractApplicationContext.java:582] Refreshing org.springframework.boot.context.embedded.AnnotationConfigEmbeddedWebApplicationContext@4bff64c2: startup date [Fri Oct 30 17:41:47 CST 2020]; root of context hierarchy
2020-10-30 17:41:48,633 INFO [main] org.springframework.context.support.PostProcessorRegistrationDelegate$BeanPostProcessorChecker.PostProcessorRegistrationDelegate$BeanPostProcessorChecker#postProcessAfterInitialization[PostProcessorRegistrationDelegate.java:325] Bean 'org.springframework.boot.autoconfigure.validation.ValidationAutoConfiguration' of type [class org.springframework.boot.autoconfigure.validation.ValidationAutoConfiguration] is not eligible for getting processed by all BeanPostProcessors (for example: not eligible for auto-proxying)
2020-10-30 17:41:48,720 INFO [main] org.springframework.context.support.PostProcessorRegistrationDelegate$BeanPostProcessorChecker.PostProcessorRegistrationDelegate$BeanPostProcessorChecker#postProcessAfterInitialization[PostProcessorRegistrationDelegate.java:325] Bean 'validator' of type [class org.springframework.validation.beanvalidation.LocalValidatorFactoryBean] is not eligible for getting processed by all BeanPostProcessors (for example: not eligible for auto-proxying)
2020-10-30 17:41:48,768 INFO [main] org.springframework.context.support.PostProcessorRegistrationDelegate$BeanPostProcessorChecker.PostProcessorRegistrationDelegate$BeanPostProcessorChecker#postProcessAfterInitialization[PostProcessorRegistrationDelegate.java:325] Bean 'org.springframework.transaction.annotation.ProxyTransactionManagementConfiguration' of type [class org.springframework.transaction.annotation.ProxyTransactionManagementConfiguration$$EnhancerBySpringCGLIB$$938b97db] is not eligible for getting processed by all BeanPostProcessors (for example: not eligible for auto-proxying)
2020-10-30 17:41:49,196 INFO [main] org.springframework.boot.context.embedded.tomcat.TomcatEmbeddedServletContainer.TomcatEmbeddedServletContainer#initialize[TomcatEmbeddedServletContainer.java:89] Tomcat initialized with port(s): 9999 (http)
2020-10-30 17:41:49,213 INFO [main] org.apache.catalina.core.StandardService.DirectJDKLog#log[DirectJDKLog.java:179] Starting service Tomcat
2020-10-30 17:41:49,214 INFO [main] org.apache.catalina.core.StandardEngine.DirectJDKLog#log[DirectJDKLog.java:179] Starting Servlet Engine: Apache Tomcat/8.5.11
2020-10-30 17:41:49,319 INFO [localhost-startStop-1] org.apache.catalina.core.ContainerBase.[Tomcat].[localhost].[/].DirectJDKLog#log[DirectJDKLog.java:179] Initializing Spring embedded WebApplicationContext
2020-10-30 17:41:49,319 INFO [localhost-startStop-1] org.springframework.web.context.ContextLoader.EmbeddedWebApplicationContext#prepareEmbeddedWebApplicationContext[EmbeddedWebApplicationContext.java:276] Root WebApplicationContext: initialization completed in 2305 ms
2020-10-30 17:41:49,554 INFO [localhost-startStop-1] org.springframework.boot.web.servlet.ServletRegistrationBean.ServletRegistrationBean#onStartup[ServletRegistrationBean.java:190] Mapping servlet: 'dispatcherServlet' to [/]
2020-10-30 17:41:49,561 INFO [localhost-startStop-1] org.springframework.boot.web.servlet.FilterRegistrationBean.AbstractFilterRegistrationBean#configure[AbstractFilterRegistrationBean.java:258] Mapping filter: 'characterEncodingFilter' to: [/*]
2020-10-30 17:41:49,562 INFO [localhost-startStop-1] org.springframework.boot.web.servlet.FilterRegistrationBean.AbstractFilterRegistrationBean#configure[AbstractFilterRegistrationBean.java:258] Mapping filter: 'hiddenHttpMethodFilter' to: [/*]
2020-10-30 17:41:49,562 INFO [localhost-startStop-1] org.springframework.boot.web.servlet.FilterRegistrationBean.AbstractFilterRegistrationBean#configure[AbstractFilterRegistrationBean.java:258] Mapping filter: 'httpPutFormContentFilter' to: [/*]
2020-10-30 17:41:49,562 INFO [localhost-startStop-1] org.springframework.boot.web.servlet.FilterRegistrationBean.AbstractFilterRegistrationBean#configure[AbstractFilterRegistrationBean.java:258] Mapping filter: 'requestContextFilter' to: [/*]
2020-10-30 17:41:49,751 INFO [main] com.alibaba.druid.spring.boot.autoconfigure.DruidDataSourceAutoConfigure.DruidDataSourceAutoConfigure#dataSource[DruidDataSourceAutoConfigure.java:56] Init DruidDataSource
2020-10-30 17:41:50,641 INFO [main] com.alibaba.druid.pool.DruidDataSource.DruidDataSource#init[DruidDataSource.java:1003] {dataSource-1} inited
2020-10-30 17:41:51,333 INFO [main] org.springframework.web.servlet.mvc.method.annotation.RequestMappingHandlerAdapter.RequestMappingHandlerAdapter#initControllerAdviceCache[RequestMappingHandlerAdapter.java:534] Looking for @ControllerAdvice: org.springframework.boot.context.embedded.AnnotationConfigEmbeddedWebApplicationContext@4bff64c2: startup date [Fri Oct 30 17:41:47 CST 2020]; root of context hierarchy
2020-10-30 17:41:51,555 INFO [main] org.springframework.web.servlet.mvc.method.annotation.RequestMappingHandlerMapping.AbstractHandlerMethodMapping$MappingRegistry#register[AbstractHandlerMethodMapping.java:543] Mapped "{[/admin/toLogin],methods=[POST],produces=[application/json]}" onto public com.dcits.entity.PaginatedResult com.dcits.controller.AdminController.toLogin(java.lang.String)
2020-10-30 17:41:51,559 INFO [main] org.springframework.web.servlet.mvc.method.annotation.RequestMappingHandlerMapping.AbstractHandlerMethodMapping$MappingRegistry#register[AbstractHandlerMethodMapping.java:543] Mapped "{[/officeSource/deleteWordTemplateById],methods=[POST],produces=[application/json]}" onto public com.dcits.entity.PaginatedResult com.dcits.controller.OfficeSourceController.deleteWordTemplateById(java.lang.String)
2020-10-30 17:41:51,560 INFO [main] org.springframework.web.servlet.mvc.method.annotation.RequestMappingHandlerMapping.AbstractHandlerMethodMapping$MappingRegistry#register[AbstractHandlerMethodMapping.java:543] Mapped "{[/officeSource/findPPTemplateDataByPage],methods=[POST],produces=[application/json]}" onto public com.dcits.entity.PaginatedResult com.dcits.controller.OfficeSourceController.findPPTemplateDataByPage(java.lang.String)
2020-10-30 17:41:51,560 INFO [main] org.springframework.web.servlet.mvc.method.annotation.RequestMappingHandlerMapping.AbstractHandlerMethodMapping$MappingRegistry#register[AbstractHandlerMethodMapping.java:543] Mapped "{[/officeSource/findWordTemplateDataByPage],methods=[POST],produces=[application/json]}" onto public com.dcits.entity.PaginatedResult com.dcits.controller.OfficeSourceController.findWordTemplateDataByPage(java.lang.String)
2020-10-30 17:41:51,561 INFO [main] org.springframework.web.servlet.mvc.method.annotation.RequestMappingHandlerMapping.AbstractHandlerMethodMapping$MappingRegistry#register[AbstractHandlerMethodMapping.java:543] Mapped "{[/officeSource/findShareToolDataByPage],methods=[POST],produces=[application/json]}" onto public com.dcits.entity.PaginatedResult com.dcits.controller.OfficeSourceController.findShareToolDataByPage(java.lang.String)
2020-10-30 17:41:51,561 INFO [main] org.springframework.web.servlet.mvc.method.annotation.RequestMappingHandlerMapping.AbstractHandlerMethodMapping$MappingRegistry#register[AbstractHandlerMethodMapping.java:543] Mapped "{[/officeSource/deleteShareToolById],methods=[POST],produces=[application/json]}" onto public com.dcits.entity.PaginatedResult com.dcits.controller.OfficeSourceController.deleteShareToolById(java.lang.String)
2020-10-30 17:41:51,561 INFO [main] org.springframework.web.servlet.mvc.method.annotation.RequestMappingHandlerMapping.AbstractHandlerMethodMapping$MappingRegistry#register[AbstractHandlerMethodMapping.java:543] Mapped "{[/officeSource/deletePPTemplateById],methods=[POST],produces=[application/json]}" onto public com.dcits.entity.PaginatedResult com.dcits.controller.OfficeSourceController.deletePPTemplateById(java.lang.String)
2020-10-30 17:41:51,562 INFO [main] org.springframework.web.servlet.mvc.method.annotation.RequestMappingHandlerMapping.AbstractHandlerMethodMapping$MappingRegistry#register[AbstractHandlerMethodMapping.java:543] Mapped "{[/officeSource/upload]}" onto public com.dcits.entity.PaginatedResult com.dcits.controller.OfficeSourceController.uploadFile(java.lang.String)
2020-10-30 17:41:51,564 INFO [main] org.springframework.web.servlet.mvc.method.annotation.RequestMappingHandlerMapping.AbstractHandlerMethodMapping$MappingRegistry#register[AbstractHandlerMethodMapping.java:543] Mapped "{[/error]}" onto public org.springframework.http.ResponseEntity<java.util.Map<java.lang.String, java.lang.Object>> org.springframework.boot.autoconfigure.web.BasicErrorController.error(javax.servlet.http.HttpServletRequest)
2020-10-30 17:41:51,564 INFO [main] org.springframework.web.servlet.mvc.method.annotation.RequestMappingHandlerMapping.AbstractHandlerMethodMapping$MappingRegistry#register[AbstractHandlerMethodMapping.java:543] Mapped "{[/error],produces=[text/html]}" onto public org.springframework.web.servlet.ModelAndView org.springframework.boot.autoconfigure.web.BasicErrorController.errorHtml(javax.servlet.http.HttpServletRequest,javax.servlet.http.HttpServletResponse)
2020-10-30 17:41:51,600 INFO [main] org.springframework.web.servlet.handler.SimpleUrlHandlerMapping.AbstractUrlHandlerMapping#registerHandler[AbstractUrlHandlerMapping.java:354] Mapped URL path [/webjars/**] onto handler of type [class org.springframework.web.servlet.resource.ResourceHttpRequestHandler]
2020-10-30 17:41:51,600 INFO [main] org.springframework.web.servlet.handler.SimpleUrlHandlerMapping.AbstractUrlHandlerMapping#registerHandler[AbstractUrlHandlerMapping.java:354] Mapped URL path [/**] onto handler of type [class org.springframework.web.servlet.resource.ResourceHttpRequestHandler]
2020-10-30 17:41:51,646 INFO [main] org.springframework.web.servlet.handler.SimpleUrlHandlerMapping.AbstractUrlHandlerMapping#registerHandler[AbstractUrlHandlerMapping.java:354] Mapped URL path [/**/favicon.ico] onto handler of type [class org.springframework.web.servlet.resource.ResourceHttpRequestHandler]
2020-10-30 17:41:52,257 INFO [main] org.springframework.jmx.export.annotation.AnnotationMBeanExporter.MBeanExporter#afterSingletonsInstantiated[MBeanExporter.java:431] Registering beans for JMX exposure on startup
2020-10-30 17:41:52,260 INFO [main] org.springframework.jmx.export.annotation.AnnotationMBeanExporter.MBeanExporter#autodetect[MBeanExporter.java:916] Bean with name 'dataSource' has been autodetected for JMX exposure
2020-10-30 17:41:52,271 INFO [main] org.springframework.jmx.export.annotation.AnnotationMBeanExporter.MBeanExporter#registerBeanInstance[MBeanExporter.java:671] Located MBean 'dataSource': registering with JMX server as MBean [com.alibaba.druid.spring.boot.autoconfigure:name=dataSource,type=DruidDataSourceWrapper]
2020-10-30 17:41:52,342 INFO [main] org.springframework.boot.context.embedded.tomcat.TomcatEmbeddedServletContainer.TomcatEmbeddedServletContainer#start[TomcatEmbeddedServletContainer.java:192] Tomcat started on port(s): 9999 (http)
2020-10-30 17:41:52,348 INFO [main] com.dcits.StartApp.StartupInfoLogger#logStarted[StartupInfoLogger.java:57] Started StartApp in 6.826 seconds (JVM running for 8.801)
2020-10-30 17:42:04,175 INFO [http-nio-9999-exec-1] org.apache.catalina.core.ContainerBase.[Tomcat].[localhost].[/].DirectJDKLog#log[DirectJDKLog.java:179] Initializing Spring FrameworkServlet 'dispatcherServlet'
2020-10-30 17:42:04,176 INFO [http-nio-9999-exec-1] org.springframework.web.servlet.DispatcherServlet.FrameworkServlet#initServletBean[FrameworkServlet.java:489] FrameworkServlet 'dispatcherServlet': initialization started
2020-10-30 17:42:04,212 INFO [http-nio-9999-exec-1] org.springframework.web.servlet.DispatcherServlet.FrameworkServlet#initServletBean[FrameworkServlet.java:508] FrameworkServlet 'dispatcherServlet': initialization completed in 35 ms
2020-10-30 17:42:04,295 WARN [http-nio-9999-exec-1] org.springframework.web.servlet.mvc.support.DefaultHandlerExceptionResolver.DefaultHandlerExceptionResolver#handleHttpMessageNotReadable[DefaultHandlerExceptionResolver.java:384] Failed to read HTTP message: org.springframework.http.converter.HttpMessageNotReadableException: Required request body is missing: public com.dcits.entity.PaginatedResult com.dcits.controller.OfficeSourceController.uploadFile(java.lang.String)
2020-10-30 17:43:27,773 WARN [http-nio-9999-exec-4] org.springframework.web.servlet.mvc.support.DefaultHandlerExceptionResolver.DefaultHandlerExceptionResolver#handleHttpMessageNotReadable[DefaultHandlerExceptionResolver.java:384] Failed to read HTTP message: org.springframework.http.converter.HttpMessageNotReadableException: Required request body is missing: public com.dcits.entity.PaginatedResult com.dcits.controller.OfficeSourceController.uploadFile(java.lang.String)
2020-10-30 17:45:11,699 INFO [http-nio-9999-exec-6] com.dcits.controller.OfficeSourceController.OfficeSourceController#findWordTemplateDataByPage[OfficeSourceController.java:83] 分页查询word_template信息====成功
2020-10-30 17:45:31,492 INFO [http-nio-9999-exec-7] com.dcits.controller.OfficeSourceController.OfficeSourceController#findShareToolDataByPage[OfficeSourceController.java:41] 分页查询share_tool信息====成功
2020-10-30 17:47:06,251 WARN [http-nio-9999-exec-10] org.springframework.web.servlet.mvc.support.DefaultHandlerExceptionResolver.DefaultHandlerExceptionResolver#handleHttpMessageNotReadable[DefaultHandlerExceptionResolver.java:384] Failed to read HTTP message: org.springframework.http.converter.HttpMessageNotReadableException: Required request body is missing: public com.dcits.entity.PaginatedResult com.dcits.controller.OfficeSourceController.uploadFile(java.lang.String)
2020-10-30 17:47:46,208 WARN [http-nio-9999-exec-1] org.springframework.web.servlet.mvc.support.DefaultHandlerExceptionResolver.DefaultHandlerExceptionResolver#handleHttpMessageNotReadable[DefaultHandlerExceptionResolver.java:384] Failed to read HTTP message: org.springframework.http.converter.HttpMessageNotReadableException: Required request body is missing: public com.dcits.entity.PaginatedResult com.dcits.controller.OfficeSourceController.uploadFile(java.lang.String)
2020-10-30 18:06:41,870 INFO [Thread-14] org.springframework.boot.context.embedded.AnnotationConfigEmbeddedWebApplicationContext.AbstractApplicationContext#doClose[AbstractApplicationContext.java:987] Closing org.springframework.boot.context.embedded.AnnotationConfigEmbeddedWebApplicationContext@4bff64c2: startup date [Fri Oct 30 17:41:47 CST 2020]; root of context hierarchy
2020-10-30 18:06:41,874 INFO [Thread-14] org.springframework.jmx.export.annotation.AnnotationMBeanExporter.MBeanExporter#destroy[MBeanExporter.java:449] Unregistering JMX-exposed beans on shutdown
2020-10-30 18:06:41,875 INFO [Thread-14] org.springframework.jmx.export.annotation.AnnotationMBeanExporter.MBeanRegistrationSupport#unregisterBeans[MBeanRegistrationSupport.java:241] Unregistering JMX-exposed beans
2020-10-30 18:06:41,876 INFO [Thread-14] com.alibaba.druid.pool.DruidDataSource.DruidDataSource#close[DruidDataSource.java:1965] {dataSource-1} closing ...
2020-10-30 18:06:41,880 INFO [Thread-14] com.alibaba.druid.pool.DruidDataSource.DruidDataSource#close[DruidDataSource.java:2037] {dataSource-1} closed
